# JRE version: Java(TM) SE Runtime Environment (21.0+35) (build 21+35-LTS-2513)
# Java VM: Java HotSpot(TM) 64-Bit Server VM (21+35-LTS-2513, mixed mode, sharing, tiered, compressed oops, compressed class ptrs, g1 gc, windows-amd64)
GC Precious Log:
 CardTable entry size: 512
 Card Set container configuration: InlinePtr #cards 4 size 8 Array Of Cards #cards 16 size 48 Howl #buckets 8 coarsen threshold 3686 Howl Bitmap #cards 512 size 80 coarsen threshold 460 Card regions per heap region 1 cards per card region 4096
 CPUs: 8 total, 8 available
 Memory: 11728M
 Large Page Support: Disabled
 NUMA Support: Disabled
 Compressed Oops: Enabled (Zero based)
 Heap Region Size: 2M
 Heap Min Capacity: 8M
 Heap Initial Capacity: 184M
 Heap Max Capacity: 2934M
 Pre-touch: Disabled
 Parallel Workers: 8
 Concurrent Workers: 2
 Concurrent Refinement Workers: 8
 Periodic GC: Disabled
Heap:
 garbage-first heap   total 219136K, used 89761K [0x0000000748a00000, 0x0000000800000000)
  region size 2048K, 15 young (30720K), 5 survivors (10240K)
 Metaspace       used 124157K, committed 125184K, reserved 1179648K
  class space    used 14479K, committed 14976K, reserved 1048576K
GC Heap History (20 events):
Event: 2303.467 GC heap before
{Heap before GC invocations=53 (full 5):
 garbage-first heap   total 192512K, used 161952K [0x0000000748a00000, 0x0000000800000000)
  region size 2048K, 53 young (108544K), 0 survivors (0K)
 Metaspace       used 112537K, committed 113472K, reserved 1179648K
  class space    used 13780K, committed 14208K, reserved 1048576K
}
Event: 2303.474 GC heap after
{Heap after GC invocations=54 (full 5):
 garbage-first heap   total 192512K, used 64611K [0x0000000748a00000, 0x0000000800000000)
  region size 2048K, 5 young (10240K), 5 survivors (10240K)
 Metaspace       used 112537K, committed 113472K, reserved 1179648K
  class space    used 13780K, committed 14208K, reserved 1048576K
}
Event: 2304.768 GC heap before
{Heap before GC invocations=55 (full 5):
 garbage-first heap   total 192512K, used 160867K [0x0000000748a00000, 0x0000000800000000)
  region size 2048K, 52 young (106496K), 5 survivors (10240K)
 Metaspace       used 113814K, committed 114752K, reserved 1179648K
  class space    used 13839K, committed 14272K, reserved 1048576K
}
Event: 2304.788 GC heap after
{Heap after GC invocations=56 (full 5):
 garbage-first heap   total 192512K, used 70342K [0x0000000748a00000, 0x0000000800000000)
  region size 2048K, 4 young (8192K), 4 survivors (8192K)
 Metaspace       used 113814K, committed 114752K, reserved 1179648K
  class space    used 13839K, committed 14272K, reserved 1048576K
}
Event: 2320.505 GC heap before
{Heap before GC invocations=56 (full 5):
 garbage-first heap   total 192512K, used 99014K [0x0000000748a00000, 0x0000000800000000)
  region size 2048K, 19 young (38912K), 4 survivors (8192K)
 Metaspace       used 114143K, committed 115136K, reserved 1179648K
  class space    used 13856K, committed 14336K, reserved 1048576K
}
Event: 2320.699 GC heap after
{Heap after GC invocations=57 (full 6):
 garbage-first heap   total 192512K, used 58358K [0x0000000748a00000, 0x0000000800000000)
  region size 2048K, 0 young (0K), 0 survivors (0K)
 Metaspace       used 114090K, committed 115136K, reserved 1179648K
  class space    used 13848K, committed 14336K, reserved 1048576K
}
Event: 2323.579 GC heap before
{Heap before GC invocations=57 (full 6):
 garbage-first heap   total 192512K, used 164854K [0x0000000748a00000, 0x0000000800000000)
  region size 2048K, 52 young (106496K), 0 survivors (0K)
 Metaspace       used 115272K, committed 116288K, reserved 1179648K
  class space    used 13931K, committed 14400K, reserved 1048576K
}
Event: 2323.594 GC heap after
{Heap after GC invocations=58 (full 6):
 garbage-first heap   total 503808K, used 67206K [0x0000000748a00000, 0x0000000800000000)
  region size 2048K, 5 young (10240K), 5 survivors (10240K)
 Metaspace       used 115272K, committed 116288K, reserved 1179648K
  class space    used 13931K, committed 14400K, reserved 1048576K
}
Event: 2347.448 GC heap before
{Heap before GC invocations=59 (full 6):
 garbage-first heap   total 280576K, used 198278K [0x0000000748a00000, 0x0000000800000000)
  region size 2048K, 70 young (143360K), 5 survivors (10240K)
 Metaspace       used 116836K, committed 117824K, reserved 1179648K
  class space    used 14007K, committed 14464K, reserved 1048576K
}
Event: 2347.634 GC heap after
{Heap after GC invocations=60 (full 7):
 garbage-first heap   total 219136K, used 58982K [0x0000000748a00000, 0x0000000800000000)
  region size 2048K, 0 young (0K), 0 survivors (0K)
 Metaspace       used 116783K, committed 117824K, reserved 1179648K
  class space    used 13998K, committed 14464K, reserved 1048576K
}
Event: 2350.040 GC heap before
{Heap before GC invocations=60 (full 7):
 garbage-first heap   total 219136K, used 181862K [0x0000000748a00000, 0x0000000800000000)
  region size 2048K, 61 young (124928K), 0 survivors (0K)
 Metaspace       used 118214K, committed 119168K, reserved 1179648K
  class space    used 14092K, committed 14528K, reserved 1048576K
}
Event: 2350.049 GC heap after
{Heap after GC invocations=61 (full 7):
 garbage-first heap   total 219136K, used 68834K [0x0000000748a00000, 0x0000000800000000)
  region size 2048K, 5 young (10240K), 5 survivors (10240K)
 Metaspace       used 118214K, committed 119168K, reserved 1179648K
  class space    used 14092K, committed 14528K, reserved 1048576K
}
Event: 2384.298 GC heap before
{Heap before GC invocations=62 (full 7):
 garbage-first heap   total 219136K, used 183522K [0x0000000748a00000, 0x0000000800000000)
  region size 2048K, 62 young (126976K), 5 survivors (10240K)
 Metaspace       used 119488K, committed 120448K, reserved 1179648K
  class space    used 14160K, committed 14656K, reserved 1048576K
}
Event: 2384.474 GC heap after
{Heap after GC invocations=63 (full 8):
 garbage-first heap   total 219136K, used 61967K [0x0000000748a00000, 0x0000000800000000)
  region size 2048K, 0 young (0K), 0 survivors (0K)
 Metaspace       used 119435K, committed 120448K, reserved 1179648K
  class space    used 14151K, committed 14656K, reserved 1048576K
}
Event: 2388.964 GC heap before
{Heap before GC invocations=63 (full 8):
 garbage-first heap   total 219136K, used 184847K [0x0000000748a00000, 0x0000000800000000)
  region size 2048K, 60 young (122880K), 0 survivors (0K)
 Metaspace       used 120814K, committed 121792K, reserved 1179648K
  class space    used 14245K, committed 14720K, reserved 1048576K
}
Event: 2388.973 GC heap after
{Heap after GC invocations=64 (full 8):
 garbage-first heap   total 219136K, used 72076K [0x0000000748a00000, 0x0000000800000000)
  region size 2048K, 5 young (10240K), 5 survivors (10240K)
 Metaspace       used 120814K, committed 121792K, reserved 1179648K
  class space    used 14245K, committed 14720K, reserved 1048576K
}
Event: 2403.757 GC heap before
{Heap before GC invocations=65 (full 8):
 garbage-first heap   total 219136K, used 182668K [0x0000000748a00000, 0x0000000800000000)
  region size 2048K, 60 young (122880K), 5 survivors (10240K)
 Metaspace       used 122114K, committed 123136K, reserved 1179648K
  class space    used 14312K, committed 14784K, reserved 1048576K
}
Event: 2403.962 GC heap after
{Heap after GC invocations=66 (full 9):
 garbage-first heap   total 219136K, used 62549K [0x0000000748a00000, 0x0000000800000000)
  region size 2048K, 0 young (0K), 0 survivors (0K)
 Metaspace       used 122061K, committed 123136K, reserved 1179648K
  class space    used 14304K, committed 14784K, reserved 1048576K
}
Event: 2414.171 GC heap before
{Heap before GC invocations=66 (full 9):
 garbage-first heap   total 219136K, used 183381K [0x0000000748a00000, 0x0000000800000000)
  region size 2048K, 60 young (122880K), 0 survivors (0K)
 Metaspace       used 123576K, committed 124608K, reserved 1179648K
  class space    used 14443K, committed 14912K, reserved 1048576K
}
Event: 2414.179 GC heap after
{Heap after GC invocations=67 (full 9):
 garbage-first heap   total 219136K, used 71329K [0x0000000748a00000, 0x0000000800000000)
  region size 2048K, 5 young (10240K), 5 survivors (10240K)
 Metaspace       used 123576K, committed 124608K, reserved 1179648K
  class space    used 14443K, committed 14912K, reserved 1048576K
}

